2021-08-24 11:07:07,647 - [ERROR] - JedisPoolUtils                  - Error to get resource from the pool
redis.clients.jedis.exceptions.JedisConnectionException: Could not get a resource from the pool
	at redis.clients.jedis.util.Pool.getResource(Pool.java:59) ~[jedis-3.3.0.jar:?]
	at redis.clients.jedis.JedisPool.getResource(JedisPool.java:288) ~[jedis-3.3.0.jar:?]
	at vn.vnpay.utils.JedisPoolUtils.existKey(JedisPoolUtils.java:61) ~[jettyServer.jar:?]
	at vn.vnpay.common.CheckRedis.checkExist(CheckRedis.java:10) ~[jettyServer.jar:?]
	at vn.vnpay.validate.MerchantValidator.validate(MerchantValidator.java:46) ~[jettyServer.jar:?]
	at vn.vnpay.service.impl.MerchantServiceImpl.getData(MerchantServiceImpl.java:20) ~[jettyServer.jar:?]
	at vn.vnpay.controller.MerchantController.requestMerchant(MerchantController.java:30) ~[jettyServer.jar:?]
	at jdk.internal.reflect.NativeMethodAccessorImpl.invoke0(Native Method) ~[?:?]
	at jdk.internal.reflect.NativeMethodAccessorImpl.invoke(NativeMethodAccessorImpl.java:62) ~[?:?]
	at jdk.internal.reflect.DelegatingMethodAccessorImpl.invoke(DelegatingMethodAccessorImpl.java:43) ~[?:?]
	at java.lang.reflect.Method.invoke(Method.java:566) ~[?:?]
	at org.glassfish.jersey.server.model.internal.ResourceMethodInvocationHandlerFactory.lambda$static$0(ResourceMethodInvocationHandlerFactory.java:74) ~[jersey-server-2.26-b03.jar:?]
	at org.glassfish.jersey.server.model.internal.AbstractJavaResourceMethodDispatcher$1.run(AbstractJavaResourceMethodDispatcher.java:144) [jersey-server-2.26-b03.jar:?]
	at org.glassfish.jersey.server.model.internal.AbstractJavaResourceMethodDispatcher.invoke(AbstractJavaResourceMethodDispatcher.java:161) [jersey-server-2.26-b03.jar:?]
	at org.glassfish.jersey.server.model.internal.JavaResourceMethodDispatcherProvider$ResponseOutInvoker.doDispatch(JavaResourceMethodDispatcherProvider.java:202) [jersey-server-2.26-b03.jar:?]
	at org.glassfish.jersey.server.model.internal.AbstractJavaResourceMethodDispatcher.dispatch(AbstractJavaResourceMethodDispatcher.java:99) [jersey-server-2.26-b03.jar:?]
	at org.glassfish.jersey.server.model.ResourceMethodInvoker.invoke(ResourceMethodInvoker.java:388) [jersey-server-2.26-b03.jar:?]
	at org.glassfish.jersey.server.model.ResourceMethodInvoker.apply(ResourceMethodInvoker.java:346) [jersey-server-2.26-b03.jar:?]
	at org.glassfish.jersey.server.model.ResourceMethodInvoker.apply(ResourceMethodInvoker.java:102) [jersey-server-2.26-b03.jar:?]
	at org.glassfish.jersey.server.ServerRuntime$2.run(ServerRuntime.java:337) [jersey-server-2.26-b03.jar:?]
	at org.glassfish.jersey.internal.Errors$1.call(Errors.java:271) [jersey-common-2.26-b03.jar:?]
	at org.glassfish.jersey.internal.Errors$1.call(Errors.java:267) [jersey-common-2.26-b03.jar:?]
	at org.glassfish.jersey.internal.Errors.process(Errors.java:315) [jersey-common-2.26-b03.jar:?]
	at org.glassfish.jersey.internal.Errors.process(Errors.java:297) [jersey-common-2.26-b03.jar:?]
	at org.glassfish.jersey.internal.Errors.process(Errors.java:267) [jersey-common-2.26-b03.jar:?]
	at org.glassfish.jersey.process.internal.RequestScope.runInScope(RequestScope.java:280) [jersey-common-2.26-b03.jar:?]
	at org.glassfish.jersey.server.ServerRuntime.process(ServerRuntime.java:316) [jersey-server-2.26-b03.jar:?]
	at org.glassfish.jersey.server.ApplicationHandler.handle(ApplicationHandler.java:1084) [jersey-server-2.26-b03.jar:?]
	at org.glassfish.jersey.jetty.JettyHttpContainer.handle(JettyHttpContainer.java:190) [jersey-container-jetty-http-2.26-b03.jar:?]
	at org.eclipse.jetty.server.handler.HandlerWrapper.handle(HandlerWrapper.java:97) [jetty-server-9.2.14.v20151106.jar:9.2.14.v20151106]
	at org.eclipse.jetty.server.Server.handle(Server.java:499) [jetty-server-9.2.14.v20151106.jar:9.2.14.v20151106]
	at org.eclipse.jetty.server.HttpChannel.handle(HttpChannel.java:311) [jetty-server-9.2.14.v20151106.jar:9.2.14.v20151106]
	at org.eclipse.jetty.server.HttpConnection.onFillable(HttpConnection.java:257) [jetty-server-9.2.14.v20151106.jar:9.2.14.v20151106]
	at org.eclipse.jetty.io.AbstractConnection$2.run(AbstractConnection.java:544) [jetty-io-9.2.14.v20151106.jar:9.2.14.v20151106]
	at org.eclipse.jetty.util.thread.QueuedThreadPool.runJob(QueuedThreadPool.java:635) [jetty-util-9.2.14.v20151106.jar:9.2.14.v20151106]
	at org.eclipse.jetty.util.thread.QueuedThreadPool$3.run(QueuedThreadPool.java:555) [jetty-util-9.2.14.v20151106.jar:9.2.14.v20151106]
	at java.lang.Thread.run(Thread.java:834) [?:?]
Caused by: redis.clients.jedis.exceptions.JedisConnectionException: Failed connecting to 127.0.0.1:6379
	at redis.clients.jedis.Connection.connect(Connection.java:165) ~[jedis-3.3.0.jar:?]
	at redis.clients.jedis.BinaryClient.connect(BinaryClient.java:109) ~[jedis-3.3.0.jar:?]
	at redis.clients.jedis.BinaryJedis.connect(BinaryJedis.java:1904) ~[jedis-3.3.0.jar:?]
	at redis.clients.jedis.JedisFactory.makeObject(JedisFactory.java:130) ~[jedis-3.3.0.jar:?]
	at org.apache.commons.pool2.impl.GenericObjectPool.create(GenericObjectPool.java:889) ~[commons-pool2-2.6.2.jar:2.6.2]
	at org.apache.commons.pool2.impl.GenericObjectPool.borrowObject(GenericObjectPool.java:424) ~[commons-pool2-2.6.2.jar:2.6.2]
	at org.apache.commons.pool2.impl.GenericObjectPool.borrowObject(GenericObjectPool.java:349) ~[commons-pool2-2.6.2.jar:2.6.2]
	at redis.clients.jedis.util.Pool.getResource(Pool.java:50) ~[jedis-3.3.0.jar:?]
	... 36 more
Caused by: java.net.SocketTimeoutException
	at java.net.SocksSocketImpl.remainingMillis(SocksSocketImpl.java:123) ~[?:?]
	at java.net.SocksSocketImpl.connect(SocksSocketImpl.java:403) ~[?:?]
	at java.net.Socket.connect(Socket.java:608) ~[?:?]
	at redis.clients.jedis.DefaultJedisSocketFactory.createSocket(DefaultJedisSocketFactory.java:53) ~[jedis-3.3.0.jar:?]
	at redis.clients.jedis.Connection.connect(Connection.java:158) ~[jedis-3.3.0.jar:?]
	at redis.clients.jedis.BinaryClient.connect(BinaryClient.java:109) ~[jedis-3.3.0.jar:?]
	at redis.clients.jedis.BinaryJedis.connect(BinaryJedis.java:1904) ~[jedis-3.3.0.jar:?]
	at redis.clients.jedis.JedisFactory.makeObject(JedisFactory.java:130) ~[jedis-3.3.0.jar:?]
	at org.apache.commons.pool2.impl.GenericObjectPool.create(GenericObjectPool.java:889) ~[commons-pool2-2.6.2.jar:2.6.2]
	at org.apache.commons.pool2.impl.GenericObjectPool.borrowObject(GenericObjectPool.java:424) ~[commons-pool2-2.6.2.jar:2.6.2]
	at org.apache.commons.pool2.impl.GenericObjectPool.borrowObject(GenericObjectPool.java:349) ~[commons-pool2-2.6.2.jar:2.6.2]
	at redis.clients.jedis.util.Pool.getResource(Pool.java:50) ~[jedis-3.3.0.jar:?]
	... 36 more
[ERROR] 2021-08-25 13:34:46.471 [qtp1859823482-22] [d7cc01ec-5297-4fde-a81c-dc3572a9d2b6] JedisPoolUtils - Error to get resource from the pool
redis.clients.jedis.exceptions.JedisConnectionException: Could not get a resource from the pool
	at redis.clients.jedis.util.Pool.getResource(Pool.java:59) ~[jedis-3.3.0.jar:?]
	at redis.clients.jedis.JedisPool.getResource(JedisPool.java:288) ~[jedis-3.3.0.jar:?]
	at vn.vnpay.utils.JedisPoolUtils.existKey(JedisPoolUtils.java:61) ~[jettyServer.jar:?]
	at vn.vnpay.common.CheckRedis.checkExist(CheckRedis.java:10) ~[jettyServer.jar:?]
	at vn.vnpay.validate.MerchantValidator.validate(MerchantValidator.java:48) ~[jettyServer.jar:?]
	at vn.vnpay.service.impl.MerchantServiceImpl.getData(MerchantServiceImpl.java:26) ~[jettyServer.jar:?]
	at vn.vnpay.controller.InjectMerchant.response(InjectMerchant.java:18) ~[jettyServer.jar:?]
	at vn.vnpay.controller.MerchantController.requestMerchant(MerchantController.java:28) ~[jettyServer.jar:?]
	at jdk.internal.reflect.NativeMethodAccessorImpl.invoke0(Native Method) ~[?:?]
	at jdk.internal.reflect.NativeMethodAccessorImpl.invoke(NativeMethodAccessorImpl.java:62) ~[?:?]
	at jdk.internal.reflect.DelegatingMethodAccessorImpl.invoke(DelegatingMethodAccessorImpl.java:43) ~[?:?]
	at java.lang.reflect.Method.invoke(Method.java:566) ~[?:?]
	at org.glassfish.jersey.server.model.internal.ResourceMethodInvocationHandlerFactory.lambda$static$0(ResourceMethodInvocationHandlerFactory.java:74) ~[jersey-server-2.26-b03.jar:?]
	at org.glassfish.jersey.server.model.internal.AbstractJavaResourceMethodDispatcher$1.run(AbstractJavaResourceMethodDispatcher.java:144) [jersey-server-2.26-b03.jar:?]
	at org.glassfish.jersey.server.model.internal.AbstractJavaResourceMethodDispatcher.invoke(AbstractJavaResourceMethodDispatcher.java:161) [jersey-server-2.26-b03.jar:?]
	at org.glassfish.jersey.server.model.internal.JavaResourceMethodDispatcherProvider$ResponseOutInvoker.doDispatch(JavaResourceMethodDispatcherProvider.java:202) [jersey-server-2.26-b03.jar:?]
	at org.glassfish.jersey.server.model.internal.AbstractJavaResourceMethodDispatcher.dispatch(AbstractJavaResourceMethodDispatcher.java:99) [jersey-server-2.26-b03.jar:?]
	at org.glassfish.jersey.server.model.ResourceMethodInvoker.invoke(ResourceMethodInvoker.java:388) [jersey-server-2.26-b03.jar:?]
	at org.glassfish.jersey.server.model.ResourceMethodInvoker.apply(ResourceMethodInvoker.java:346) [jersey-server-2.26-b03.jar:?]
	at org.glassfish.jersey.server.model.ResourceMethodInvoker.apply(ResourceMethodInvoker.java:102) [jersey-server-2.26-b03.jar:?]
	at org.glassfish.jersey.server.ServerRuntime$2.run(ServerRuntime.java:337) [jersey-server-2.26-b03.jar:?]
	at org.glassfish.jersey.internal.Errors$1.call(Errors.java:271) [jersey-common-2.26-b03.jar:?]
	at org.glassfish.jersey.internal.Errors$1.call(Errors.java:267) [jersey-common-2.26-b03.jar:?]
	at org.glassfish.jersey.internal.Errors.process(Errors.java:315) [jersey-common-2.26-b03.jar:?]
	at org.glassfish.jersey.internal.Errors.process(Errors.java:297) [jersey-common-2.26-b03.jar:?]
	at org.glassfish.jersey.internal.Errors.process(Errors.java:267) [jersey-common-2.26-b03.jar:?]
	at org.glassfish.jersey.process.internal.RequestScope.runInScope(RequestScope.java:280) [jersey-common-2.26-b03.jar:?]
	at org.glassfish.jersey.server.ServerRuntime.process(ServerRuntime.java:316) [jersey-server-2.26-b03.jar:?]
	at org.glassfish.jersey.server.ApplicationHandler.handle(ApplicationHandler.java:1084) [jersey-server-2.26-b03.jar:?]
	at org.glassfish.jersey.jetty.JettyHttpContainer.handle(JettyHttpContainer.java:190) [jersey-container-jetty-http-2.26-b03.jar:?]
	at org.eclipse.jetty.server.handler.HandlerWrapper.handle(HandlerWrapper.java:97) [jetty-server-9.2.14.v20151106.jar:9.2.14.v20151106]
	at org.eclipse.jetty.server.Server.handle(Server.java:499) [jetty-server-9.2.14.v20151106.jar:9.2.14.v20151106]
	at org.eclipse.jetty.server.HttpChannel.handle(HttpChannel.java:311) [jetty-server-9.2.14.v20151106.jar:9.2.14.v20151106]
	at org.eclipse.jetty.server.HttpConnection.onFillable(HttpConnection.java:257) [jetty-server-9.2.14.v20151106.jar:9.2.14.v20151106]
	at org.eclipse.jetty.io.AbstractConnection$2.run(AbstractConnection.java:544) [jetty-io-9.2.14.v20151106.jar:9.2.14.v20151106]
	at org.eclipse.jetty.util.thread.QueuedThreadPool.runJob(QueuedThreadPool.java:635) [jetty-util-9.2.14.v20151106.jar:9.2.14.v20151106]
	at org.eclipse.jetty.util.thread.QueuedThreadPool$3.run(QueuedThreadPool.java:555) [jetty-util-9.2.14.v20151106.jar:9.2.14.v20151106]
	at java.lang.Thread.run(Thread.java:834) [?:?]
Caused by: redis.clients.jedis.exceptions.JedisConnectionException: Failed connecting to 127.0.0.1:6379
	at redis.clients.jedis.Connection.connect(Connection.java:165) ~[jedis-3.3.0.jar:?]
	at redis.clients.jedis.BinaryClient.connect(BinaryClient.java:109) ~[jedis-3.3.0.jar:?]
	at redis.clients.jedis.BinaryJedis.connect(BinaryJedis.java:1904) ~[jedis-3.3.0.jar:?]
	at redis.clients.jedis.JedisFactory.makeObject(JedisFactory.java:130) ~[jedis-3.3.0.jar:?]
	at org.apache.commons.pool2.impl.GenericObjectPool.create(GenericObjectPool.java:889) ~[commons-pool2-2.6.2.jar:2.6.2]
	at org.apache.commons.pool2.impl.GenericObjectPool.borrowObject(GenericObjectPool.java:424) ~[commons-pool2-2.6.2.jar:2.6.2]
	at org.apache.commons.pool2.impl.GenericObjectPool.borrowObject(GenericObjectPool.java:349) ~[commons-pool2-2.6.2.jar:2.6.2]
	at redis.clients.jedis.util.Pool.getResource(Pool.java:50) ~[jedis-3.3.0.jar:?]
	... 37 more
Caused by: java.net.SocketTimeoutException
	at java.net.SocksSocketImpl.remainingMillis(SocksSocketImpl.java:123) ~[?:?]
	at java.net.SocksSocketImpl.connect(SocksSocketImpl.java:403) ~[?:?]
	at java.net.Socket.connect(Socket.java:608) ~[?:?]
	at redis.clients.jedis.DefaultJedisSocketFactory.createSocket(DefaultJedisSocketFactory.java:53) ~[jedis-3.3.0.jar:?]
	at redis.clients.jedis.Connection.connect(Connection.java:158) ~[jedis-3.3.0.jar:?]
	at redis.clients.jedis.BinaryClient.connect(BinaryClient.java:109) ~[jedis-3.3.0.jar:?]
	at redis.clients.jedis.BinaryJedis.connect(BinaryJedis.java:1904) ~[jedis-3.3.0.jar:?]
	at redis.clients.jedis.JedisFactory.makeObject(JedisFactory.java:130) ~[jedis-3.3.0.jar:?]
	at org.apache.commons.pool2.impl.GenericObjectPool.create(GenericObjectPool.java:889) ~[commons-pool2-2.6.2.jar:2.6.2]
	at org.apache.commons.pool2.impl.GenericObjectPool.borrowObject(GenericObjectPool.java:424) ~[commons-pool2-2.6.2.jar:2.6.2]
	at org.apache.commons.pool2.impl.GenericObjectPool.borrowObject(GenericObjectPool.java:349) ~[commons-pool2-2.6.2.jar:2.6.2]
	at redis.clients.jedis.util.Pool.getResource(Pool.java:50) ~[jedis-3.3.0.jar:?]
	... 37 more
[ERROR] 2021-08-25 14:01:57.944 [qtp1859823482-24] [832ab370-3243-4524-ab7f-7bf5c42d8053] JedisPoolUtils - Error to get resource from the pool
redis.clients.jedis.exceptions.JedisConnectionException: Could not get a resource from the pool
	at redis.clients.jedis.util.Pool.getResource(Pool.java:59) ~[jedis-3.3.0.jar:?]
	at redis.clients.jedis.JedisPool.getResource(JedisPool.java:288) ~[jedis-3.3.0.jar:?]
	at vn.vnpay.utils.JedisPoolUtils.existKey(JedisPoolUtils.java:61) ~[jettyServer.jar:?]
	at vn.vnpay.common.CheckRedis.checkExist(CheckRedis.java:10) ~[jettyServer.jar:?]
	at vn.vnpay.validate.MerchantValidator.validate(MerchantValidator.java:48) ~[jettyServer.jar:?]
	at vn.vnpay.service.impl.MerchantServiceImpl.getData(MerchantServiceImpl.java:25) ~[jettyServer.jar:?]
	at vn.vnpay.controller.InjectMerchant.response(InjectMerchant.java:18) ~[jettyServer.jar:?]
	at vn.vnpay.controller.MerchantController.requestMerchant(MerchantController.java:28) ~[jettyServer.jar:?]
	at jdk.internal.reflect.NativeMethodAccessorImpl.invoke0(Native Method) ~[?:?]
	at jdk.internal.reflect.NativeMethodAccessorImpl.invoke(NativeMethodAccessorImpl.java:62) ~[?:?]
	at jdk.internal.reflect.DelegatingMethodAccessorImpl.invoke(DelegatingMethodAccessorImpl.java:43) ~[?:?]
	at java.lang.reflect.Method.invoke(Method.java:566) ~[?:?]
	at org.glassfish.jersey.server.model.internal.ResourceMethodInvocationHandlerFactory.lambda$static$0(ResourceMethodInvocationHandlerFactory.java:74) ~[jersey-server-2.26-b03.jar:?]
	at org.glassfish.jersey.server.model.internal.AbstractJavaResourceMethodDispatcher$1.run(AbstractJavaResourceMethodDispatcher.java:144) [jersey-server-2.26-b03.jar:?]
	at org.glassfish.jersey.server.model.internal.AbstractJavaResourceMethodDispatcher.invoke(AbstractJavaResourceMethodDispatcher.java:161) [jersey-server-2.26-b03.jar:?]
	at org.glassfish.jersey.server.model.internal.JavaResourceMethodDispatcherProvider$ResponseOutInvoker.doDispatch(JavaResourceMethodDispatcherProvider.java:202) [jersey-server-2.26-b03.jar:?]
	at org.glassfish.jersey.server.model.internal.AbstractJavaResourceMethodDispatcher.dispatch(AbstractJavaResourceMethodDispatcher.java:99) [jersey-server-2.26-b03.jar:?]
	at org.glassfish.jersey.server.model.ResourceMethodInvoker.invoke(ResourceMethodInvoker.java:388) [jersey-server-2.26-b03.jar:?]
	at org.glassfish.jersey.server.model.ResourceMethodInvoker.apply(ResourceMethodInvoker.java:346) [jersey-server-2.26-b03.jar:?]
	at org.glassfish.jersey.server.model.ResourceMethodInvoker.apply(ResourceMethodInvoker.java:102) [jersey-server-2.26-b03.jar:?]
	at org.glassfish.jersey.server.ServerRuntime$2.run(ServerRuntime.java:337) [jersey-server-2.26-b03.jar:?]
	at org.glassfish.jersey.internal.Errors$1.call(Errors.java:271) [jersey-common-2.26-b03.jar:?]
	at org.glassfish.jersey.internal.Errors$1.call(Errors.java:267) [jersey-common-2.26-b03.jar:?]
	at org.glassfish.jersey.internal.Errors.process(Errors.java:315) [jersey-common-2.26-b03.jar:?]
	at org.glassfish.jersey.internal.Errors.process(Errors.java:297) [jersey-common-2.26-b03.jar:?]
	at org.glassfish.jersey.internal.Errors.process(Errors.java:267) [jersey-common-2.26-b03.jar:?]
	at org.glassfish.jersey.process.internal.RequestScope.runInScope(RequestScope.java:280) [jersey-common-2.26-b03.jar:?]
	at org.glassfish.jersey.server.ServerRuntime.process(ServerRuntime.java:316) [jersey-server-2.26-b03.jar:?]
	at org.glassfish.jersey.server.ApplicationHandler.handle(ApplicationHandler.java:1084) [jersey-server-2.26-b03.jar:?]
	at org.glassfish.jersey.jetty.JettyHttpContainer.handle(JettyHttpContainer.java:190) [jersey-container-jetty-http-2.26-b03.jar:?]
	at org.eclipse.jetty.server.handler.HandlerWrapper.handle(HandlerWrapper.java:97) [jetty-server-9.2.14.v20151106.jar:9.2.14.v20151106]
	at org.eclipse.jetty.server.Server.handle(Server.java:499) [jetty-server-9.2.14.v20151106.jar:9.2.14.v20151106]
	at org.eclipse.jetty.server.HttpChannel.handle(HttpChannel.java:311) [jetty-server-9.2.14.v20151106.jar:9.2.14.v20151106]
	at org.eclipse.jetty.server.HttpConnection.onFillable(HttpConnection.java:257) [jetty-server-9.2.14.v20151106.jar:9.2.14.v20151106]
	at org.eclipse.jetty.io.AbstractConnection$2.run(AbstractConnection.java:544) [jetty-io-9.2.14.v20151106.jar:9.2.14.v20151106]
	at org.eclipse.jetty.util.thread.QueuedThreadPool.runJob(QueuedThreadPool.java:635) [jetty-util-9.2.14.v20151106.jar:9.2.14.v20151106]
	at org.eclipse.jetty.util.thread.QueuedThreadPool$3.run(QueuedThreadPool.java:555) [jetty-util-9.2.14.v20151106.jar:9.2.14.v20151106]
	at java.lang.Thread.run(Thread.java:834) [?:?]
Caused by: redis.clients.jedis.exceptions.JedisConnectionException: Failed connecting to 127.0.0.1:6379
	at redis.clients.jedis.Connection.connect(Connection.java:165) ~[jedis-3.3.0.jar:?]
	at redis.clients.jedis.BinaryClient.connect(BinaryClient.java:109) ~[jedis-3.3.0.jar:?]
	at redis.clients.jedis.BinaryJedis.connect(BinaryJedis.java:1904) ~[jedis-3.3.0.jar:?]
	at redis.clients.jedis.JedisFactory.makeObject(JedisFactory.java:130) ~[jedis-3.3.0.jar:?]
	at org.apache.commons.pool2.impl.GenericObjectPool.create(GenericObjectPool.java:889) ~[commons-pool2-2.6.2.jar:2.6.2]
	at org.apache.commons.pool2.impl.GenericObjectPool.borrowObject(GenericObjectPool.java:424) ~[commons-pool2-2.6.2.jar:2.6.2]
	at org.apache.commons.pool2.impl.GenericObjectPool.borrowObject(GenericObjectPool.java:349) ~[commons-pool2-2.6.2.jar:2.6.2]
	at redis.clients.jedis.util.Pool.getResource(Pool.java:50) ~[jedis-3.3.0.jar:?]
	... 37 more
Caused by: java.net.SocketTimeoutException
	at java.net.SocksSocketImpl.remainingMillis(SocksSocketImpl.java:123) ~[?:?]
	at java.net.SocksSocketImpl.connect(SocksSocketImpl.java:403) ~[?:?]
	at java.net.Socket.connect(Socket.java:608) ~[?:?]
	at redis.clients.jedis.DefaultJedisSocketFactory.createSocket(DefaultJedisSocketFactory.java:53) ~[jedis-3.3.0.jar:?]
	at redis.clients.jedis.Connection.connect(Connection.java:158) ~[jedis-3.3.0.jar:?]
	at redis.clients.jedis.BinaryClient.connect(BinaryClient.java:109) ~[jedis-3.3.0.jar:?]
	at redis.clients.jedis.BinaryJedis.connect(BinaryJedis.java:1904) ~[jedis-3.3.0.jar:?]
	at redis.clients.jedis.JedisFactory.makeObject(JedisFactory.java:130) ~[jedis-3.3.0.jar:?]
	at org.apache.commons.pool2.impl.GenericObjectPool.create(GenericObjectPool.java:889) ~[commons-pool2-2.6.2.jar:2.6.2]
	at org.apache.commons.pool2.impl.GenericObjectPool.borrowObject(GenericObjectPool.java:424) ~[commons-pool2-2.6.2.jar:2.6.2]
	at org.apache.commons.pool2.impl.GenericObjectPool.borrowObject(GenericObjectPool.java:349) ~[commons-pool2-2.6.2.jar:2.6.2]
	at redis.clients.jedis.util.Pool.getResource(Pool.java:50) ~[jedis-3.3.0.jar:?]
	... 37 more
[ERROR] 2021-08-26 00:15:22.364 [] JedisPoolUtils - Error to get resource from the pool
redis.clients.jedis.exceptions.JedisConnectionException: Could not get a resource from the pool
	at redis.clients.jedis.util.Pool.getResource(Pool.java:59) ~[jedis-3.3.0.jar:?]
	at redis.clients.jedis.JedisPool.getResource(JedisPool.java:288) ~[jedis-3.3.0.jar:?]
	at vn.vnpay.utils.JedisPoolUtils.main(JedisPoolUtils.java:86) [classes/:?]
Caused by: redis.clients.jedis.exceptions.JedisDataException: ERR Client sent AUTH, but no password is set
	at redis.clients.jedis.Protocol.processError(Protocol.java:132) ~[jedis-3.3.0.jar:?]
	at redis.clients.jedis.Protocol.process(Protocol.java:166) ~[jedis-3.3.0.jar:?]
	at redis.clients.jedis.Protocol.read(Protocol.java:220) ~[jedis-3.3.0.jar:?]
	at redis.clients.jedis.Connection.readProtocolWithCheckingBroken(Connection.java:278) ~[jedis-3.3.0.jar:?]
	at redis.clients.jedis.Connection.getStatusCodeReply(Connection.java:196) ~[jedis-3.3.0.jar:?]
	at redis.clients.jedis.BinaryJedis.auth(BinaryJedis.java:2269) ~[jedis-3.3.0.jar:?]
	at redis.clients.jedis.JedisFactory.makeObject(JedisFactory.java:134) ~[jedis-3.3.0.jar:?]
	at org.apache.commons.pool2.impl.GenericObjectPool.create(GenericObjectPool.java:889) ~[commons-pool2-2.6.2.jar:2.6.2]
	at org.apache.commons.pool2.impl.GenericObjectPool.borrowObject(GenericObjectPool.java:424) ~[commons-pool2-2.6.2.jar:2.6.2]
	at org.apache.commons.pool2.impl.GenericObjectPool.borrowObject(GenericObjectPool.java:349) ~[commons-pool2-2.6.2.jar:2.6.2]
	at redis.clients.jedis.util.Pool.getResource(Pool.java:50) ~[jedis-3.3.0.jar:?]
	... 2 more
[ERROR] 2021-08-26 09:06:42.094 [] JedisPoolUtils - Error to get resource from the pool
redis.clients.jedis.exceptions.JedisExhaustedPoolException: Could not get a resource since the pool is exhausted
	at redis.clients.jedis.util.Pool.getResource(Pool.java:53) ~[jedis-3.3.0.jar:?]
	at redis.clients.jedis.JedisPool.getResource(JedisPool.java:288) ~[jedis-3.3.0.jar:?]
	at vn.vnpay.utils.JedisPoolUtils.main(JedisPoolUtils.java:89) [classes/:?]
Caused by: java.util.NoSuchElementException: Unable to validate object
	at org.apache.commons.pool2.impl.GenericObjectPool.borrowObject(GenericObjectPool.java:486) ~[commons-pool2-2.6.2.jar:2.6.2]
	at org.apache.commons.pool2.impl.GenericObjectPool.borrowObject(GenericObjectPool.java:349) ~[commons-pool2-2.6.2.jar:2.6.2]
	at redis.clients.jedis.util.Pool.getResource(Pool.java:50) ~[jedis-3.3.0.jar:?]
	... 2 more
[ERROR] 2021-08-26 10:06:56.443 [bd69acff-2390-4f9b-9400-77544cb92541] JedisPoolUtils - Error to get resource from the pool
redis.clients.jedis.exceptions.JedisConnectionException: Could not get a resource from the pool
	at redis.clients.jedis.util.Pool.getResource(Pool.java:59) ~[jedis-3.3.0.jar:?]
	at redis.clients.jedis.JedisPool.getResource(JedisPool.java:288) ~[jedis-3.3.0.jar:?]
	at vn.vnpay.utils.JedisPoolUtils.existKey(JedisPoolUtils.java:70) ~[jettyServer.jar:?]
	at vn.vnpay.common.CheckRedis.checkExist(CheckRedis.java:10) ~[jettyServer.jar:?]
	at vn.vnpay.validate.MerchantValidator.validate(MerchantValidator.java:48) ~[jettyServer.jar:?]
	at vn.vnpay.service.impl.MerchantServiceImpl.getData(MerchantServiceImpl.java:25) ~[jettyServer.jar:?]
	at vn.vnpay.controller.InjectMerchant.response(InjectMerchant.java:18) ~[jettyServer.jar:?]
	at vn.vnpay.controller.MerchantController.requestMerchant(MerchantController.java:20) ~[jettyServer.jar:?]
	at jdk.internal.reflect.NativeMethodAccessorImpl.invoke0(Native Method) ~[?:?]
	at jdk.internal.reflect.NativeMethodAccessorImpl.invoke(NativeMethodAccessorImpl.java:62) ~[?:?]
	at jdk.internal.reflect.DelegatingMethodAccessorImpl.invoke(DelegatingMethodAccessorImpl.java:43) ~[?:?]
	at java.lang.reflect.Method.invoke(Method.java:566) ~[?:?]
	at org.glassfish.jersey.server.model.internal.ResourceMethodInvocationHandlerFactory.lambda$static$0(ResourceMethodInvocationHandlerFactory.java:74) ~[jersey-server-2.26-b03.jar:?]
	at org.glassfish.jersey.server.model.internal.AbstractJavaResourceMethodDispatcher$1.run(AbstractJavaResourceMethodDispatcher.java:144) [jersey-server-2.26-b03.jar:?]
	at org.glassfish.jersey.server.model.internal.AbstractJavaResourceMethodDispatcher.invoke(AbstractJavaResourceMethodDispatcher.java:161) [jersey-server-2.26-b03.jar:?]
	at org.glassfish.jersey.server.model.internal.JavaResourceMethodDispatcherProvider$ResponseOutInvoker.doDispatch(JavaResourceMethodDispatcherProvider.java:202) [jersey-server-2.26-b03.jar:?]
	at org.glassfish.jersey.server.model.internal.AbstractJavaResourceMethodDispatcher.dispatch(AbstractJavaResourceMethodDispatcher.java:99) [jersey-server-2.26-b03.jar:?]
	at org.glassfish.jersey.server.model.ResourceMethodInvoker.invoke(ResourceMethodInvoker.java:388) [jersey-server-2.26-b03.jar:?]
	at org.glassfish.jersey.server.model.ResourceMethodInvoker.apply(ResourceMethodInvoker.java:346) [jersey-server-2.26-b03.jar:?]
	at org.glassfish.jersey.server.model.ResourceMethodInvoker.apply(ResourceMethodInvoker.java:102) [jersey-server-2.26-b03.jar:?]
	at org.glassfish.jersey.server.ServerRuntime$2.run(ServerRuntime.java:337) [jersey-server-2.26-b03.jar:?]
	at org.glassfish.jersey.internal.Errors$1.call(Errors.java:271) [jersey-common-2.26-b03.jar:?]
	at org.glassfish.jersey.internal.Errors$1.call(Errors.java:267) [jersey-common-2.26-b03.jar:?]
	at org.glassfish.jersey.internal.Errors.process(Errors.java:315) [jersey-common-2.26-b03.jar:?]
	at org.glassfish.jersey.internal.Errors.process(Errors.java:297) [jersey-common-2.26-b03.jar:?]
	at org.glassfish.jersey.internal.Errors.process(Errors.java:267) [jersey-common-2.26-b03.jar:?]
	at org.glassfish.jersey.process.internal.RequestScope.runInScope(RequestScope.java:280) [jersey-common-2.26-b03.jar:?]
	at org.glassfish.jersey.server.ServerRuntime.process(ServerRuntime.java:316) [jersey-server-2.26-b03.jar:?]
	at org.glassfish.jersey.server.ApplicationHandler.handle(ApplicationHandler.java:1084) [jersey-server-2.26-b03.jar:?]
	at org.glassfish.jersey.jetty.JettyHttpContainer.handle(JettyHttpContainer.java:190) [jersey-container-jetty-http-2.26-b03.jar:?]
	at org.eclipse.jetty.server.handler.HandlerWrapper.handle(HandlerWrapper.java:97) [jetty-server-9.2.14.v20151106.jar:9.2.14.v20151106]
	at org.eclipse.jetty.server.Server.handle(Server.java:499) [jetty-server-9.2.14.v20151106.jar:9.2.14.v20151106]
	at org.eclipse.jetty.server.HttpChannel.handle(HttpChannel.java:311) [jetty-server-9.2.14.v20151106.jar:9.2.14.v20151106]
	at org.eclipse.jetty.server.HttpConnection.onFillable(HttpConnection.java:257) [jetty-server-9.2.14.v20151106.jar:9.2.14.v20151106]
	at org.eclipse.jetty.io.AbstractConnection$2.run(AbstractConnection.java:544) [jetty-io-9.2.14.v20151106.jar:9.2.14.v20151106]
	at org.eclipse.jetty.util.thread.QueuedThreadPool.runJob(QueuedThreadPool.java:635) [jetty-util-9.2.14.v20151106.jar:9.2.14.v20151106]
	at org.eclipse.jetty.util.thread.QueuedThreadPool$3.run(QueuedThreadPool.java:555) [jetty-util-9.2.14.v20151106.jar:9.2.14.v20151106]
	at java.lang.Thread.run(Thread.java:834) [?:?]
Caused by: redis.clients.jedis.exceptions.JedisConnectionException: java.net.SocketTimeoutException: Read timed out
	at redis.clients.jedis.util.RedisInputStream.ensureFill(RedisInputStream.java:205) ~[jedis-3.3.0.jar:?]
	at redis.clients.jedis.util.RedisInputStream.readByte(RedisInputStream.java:43) ~[jedis-3.3.0.jar:?]
	at redis.clients.jedis.Protocol.process(Protocol.java:155) ~[jedis-3.3.0.jar:?]
	at redis.clients.jedis.Protocol.read(Protocol.java:220) ~[jedis-3.3.0.jar:?]
	at redis.clients.jedis.Connection.readProtocolWithCheckingBroken(Connection.java:278) ~[jedis-3.3.0.jar:?]
	at redis.clients.jedis.Connection.getStatusCodeReply(Connection.java:196) ~[jedis-3.3.0.jar:?]
	at redis.clients.jedis.BinaryJedis.auth(BinaryJedis.java:2269) ~[jedis-3.3.0.jar:?]
	at redis.clients.jedis.JedisFactory.makeObject(JedisFactory.java:134) ~[jedis-3.3.0.jar:?]
	at org.apache.commons.pool2.impl.GenericObjectPool.create(GenericObjectPool.java:889) ~[commons-pool2-2.6.2.jar:2.6.2]
	at org.apache.commons.pool2.impl.GenericObjectPool.borrowObject(GenericObjectPool.java:424) ~[commons-pool2-2.6.2.jar:2.6.2]
	at org.apache.commons.pool2.impl.GenericObjectPool.borrowObject(GenericObjectPool.java:349) ~[commons-pool2-2.6.2.jar:2.6.2]
	at redis.clients.jedis.util.Pool.getResource(Pool.java:50) ~[jedis-3.3.0.jar:?]
	... 37 more
Caused by: java.net.SocketTimeoutException: Read timed out
	at java.net.SocketInputStream.socketRead0(Native Method) ~[?:?]
	at java.net.SocketInputStream.socketRead(SocketInputStream.java:115) ~[?:?]
	at java.net.SocketInputStream.read(SocketInputStream.java:168) ~[?:?]
	at java.net.SocketInputStream.read(SocketInputStream.java:140) ~[?:?]
	at java.net.SocketInputStream.read(SocketInputStream.java:126) ~[?:?]
	at redis.clients.jedis.util.RedisInputStream.ensureFill(RedisInputStream.java:199) ~[jedis-3.3.0.jar:?]
	at redis.clients.jedis.util.RedisInputStream.readByte(RedisInputStream.java:43) ~[jedis-3.3.0.jar:?]
	at redis.clients.jedis.Protocol.process(Protocol.java:155) ~[jedis-3.3.0.jar:?]
	at redis.clients.jedis.Protocol.read(Protocol.java:220) ~[jedis-3.3.0.jar:?]
	at redis.clients.jedis.Connection.readProtocolWithCheckingBroken(Connection.java:278) ~[jedis-3.3.0.jar:?]
	at redis.clients.jedis.Connection.getStatusCodeReply(Connection.java:196) ~[jedis-3.3.0.jar:?]
	at redis.clients.jedis.BinaryJedis.auth(BinaryJedis.java:2269) ~[jedis-3.3.0.jar:?]
	at redis.clients.jedis.JedisFactory.makeObject(JedisFactory.java:134) ~[jedis-3.3.0.jar:?]
	at org.apache.commons.pool2.impl.GenericObjectPool.create(GenericObjectPool.java:889) ~[commons-pool2-2.6.2.jar:2.6.2]
	at org.apache.commons.pool2.impl.GenericObjectPool.borrowObject(GenericObjectPool.java:424) ~[commons-pool2-2.6.2.jar:2.6.2]
	at org.apache.commons.pool2.impl.GenericObjectPool.borrowObject(GenericObjectPool.java:349) ~[commons-pool2-2.6.2.jar:2.6.2]
	at redis.clients.jedis.util.Pool.getResource(Pool.java:50) ~[jedis-3.3.0.jar:?]
	... 37 more
[ERROR] 2021-08-26 15:28:42.838 [df55bf6a-1c01-4c61-9f64-3f41e66b794c] JedisPoolUtils - Error to get resource from the pool
redis.clients.jedis.exceptions.JedisConnectionException: Could not get a resource from the pool
	at redis.clients.jedis.util.Pool.getResource(Pool.java:59) ~[jedis-3.3.0.jar:?]
	at redis.clients.jedis.JedisPool.getResource(JedisPool.java:288) ~[jedis-3.3.0.jar:?]
	at vn.vnpay.utils.JedisPoolUtils.existKey(JedisPoolUtils.java:63) [classes/:?]
	at vn.vnpay.common.CheckRedis.checkExist(CheckRedis.java:10) [classes/:?]
	at vn.vnpay.validate.MerchantValidator.validate(MerchantValidator.java:48) [classes/:?]
	at vn.vnpay.service.impl.MerchantServiceImpl.getData(MerchantServiceImpl.java:27) [classes/:?]
	at vn.vnpay.service.MerchantServiceImplTest.getDataTest(MerchantServiceImplTest.java:36) [test-classes/:?]
	at jdk.internal.reflect.NativeMethodAccessorImpl.invoke0(Native Method) ~[?:?]
	at jdk.internal.reflect.NativeMethodAccessorImpl.invoke(NativeMethodAccessorImpl.java:62) ~[?:?]
	at jdk.internal.reflect.DelegatingMethodAccessorImpl.invoke(DelegatingMethodAccessorImpl.java:43) ~[?:?]
	at java.lang.reflect.Method.invoke(Method.java:566) ~[?:?]
	at org.junit.runners.model.FrameworkMethod$1.runReflectiveCall(FrameworkMethod.java:50) [junit-4.12.jar:4.12]
	at org.junit.internal.runners.model.ReflectiveCallable.run(ReflectiveCallable.java:12) [junit-4.12.jar:4.12]
	at org.junit.runners.model.FrameworkMethod.invokeExplosively(FrameworkMethod.java:47) [junit-4.12.jar:4.12]
	at org.junit.internal.runners.statements.InvokeMethod.evaluate(InvokeMethod.java:17) [junit-4.12.jar:4.12]
	at org.junit.runners.ParentRunner.runLeaf(ParentRunner.java:325) [junit-4.12.jar:4.12]
	at org.junit.runners.BlockJUnit4ClassRunner.runChild(BlockJUnit4ClassRunner.java:78) [junit-4.12.jar:4.12]
	at org.junit.runners.BlockJUnit4ClassRunner.runChild(BlockJUnit4ClassRunner.java:57) [junit-4.12.jar:4.12]
	at org.junit.runners.ParentRunner$3.run(ParentRunner.java:290) [junit-4.12.jar:4.12]
	at org.junit.runners.ParentRunner$1.schedule(ParentRunner.java:71) [junit-4.12.jar:4.12]
	at org.junit.runners.ParentRunner.runChildren(ParentRunner.java:288) [junit-4.12.jar:4.12]
	at org.junit.runners.ParentRunner.access$000(ParentRunner.java:58) [junit-4.12.jar:4.12]
	at org.junit.runners.ParentRunner$2.evaluate(ParentRunner.java:268) [junit-4.12.jar:4.12]
	at org.junit.runners.ParentRunner.run(ParentRunner.java:363) [junit-4.12.jar:4.12]
	at org.apache.maven.surefire.junit4.JUnit4Provider.execute(JUnit4Provider.java:252) [surefire-junit4-2.12.4.jar:2.12.4]
	at org.apache.maven.surefire.junit4.JUnit4Provider.executeTestSet(JUnit4Provider.java:141) [surefire-junit4-2.12.4.jar:2.12.4]
	at org.apache.maven.surefire.junit4.JUnit4Provider.invoke(JUnit4Provider.java:112) [surefire-junit4-2.12.4.jar:2.12.4]
	at jdk.internal.reflect.NativeMethodAccessorImpl.invoke0(Native Method) ~[?:?]
	at jdk.internal.reflect.NativeMethodAccessorImpl.invoke(NativeMethodAccessorImpl.java:62) ~[?:?]
	at jdk.internal.reflect.DelegatingMethodAccessorImpl.invoke(DelegatingMethodAccessorImpl.java:43) ~[?:?]
	at java.lang.reflect.Method.invoke(Method.java:566) ~[?:?]
	at org.apache.maven.surefire.util.ReflectionUtils.invokeMethodWithArray(ReflectionUtils.java:189) [surefire-api-2.12.4.jar:2.12.4]
	at org.apache.maven.surefire.booter.ProviderFactory$ProviderProxy.invoke(ProviderFactory.java:165) [surefire-booter-2.12.4.jar:2.12.4]
	at org.apache.maven.surefire.booter.ProviderFactory.invokeProvider(ProviderFactory.java:85) [surefire-booter-2.12.4.jar:2.12.4]
	at org.apache.maven.surefire.booter.ForkedBooter.runSuitesInProcess(ForkedBooter.java:115) [surefire-booter-2.12.4.jar:2.12.4]
	at org.apache.maven.surefire.booter.ForkedBooter.main(ForkedBooter.java:75) [surefire-booter-2.12.4.jar:2.12.4]
Caused by: redis.clients.jedis.exceptions.JedisConnectionException: java.net.SocketTimeoutException: Read timed out
	at redis.clients.jedis.util.RedisInputStream.ensureFill(RedisInputStream.java:205) ~[jedis-3.3.0.jar:?]
	at redis.clients.jedis.util.RedisInputStream.readByte(RedisInputStream.java:43) ~[jedis-3.3.0.jar:?]
	at redis.clients.jedis.Protocol.process(Protocol.java:155) ~[jedis-3.3.0.jar:?]
	at redis.clients.jedis.Protocol.read(Protocol.java:220) ~[jedis-3.3.0.jar:?]
	at redis.clients.jedis.Connection.readProtocolWithCheckingBroken(Connection.java:278) ~[jedis-3.3.0.jar:?]
	at redis.clients.jedis.Connection.getStatusCodeReply(Connection.java:196) ~[jedis-3.3.0.jar:?]
	at redis.clients.jedis.BinaryJedis.auth(BinaryJedis.java:2269) ~[jedis-3.3.0.jar:?]
	at redis.clients.jedis.JedisFactory.makeObject(JedisFactory.java:134) ~[jedis-3.3.0.jar:?]
	at org.apache.commons.pool2.impl.GenericObjectPool.create(GenericObjectPool.java:889) ~[commons-pool2-2.6.2.jar:2.6.2]
	at org.apache.commons.pool2.impl.GenericObjectPool.borrowObject(GenericObjectPool.java:424) ~[commons-pool2-2.6.2.jar:2.6.2]
	at org.apache.commons.pool2.impl.GenericObjectPool.borrowObject(GenericObjectPool.java:349) ~[commons-pool2-2.6.2.jar:2.6.2]
	at redis.clients.jedis.util.Pool.getResource(Pool.java:50) ~[jedis-3.3.0.jar:?]
	... 35 more
Caused by: java.net.SocketTimeoutException: Read timed out
	at java.net.SocketInputStream.socketRead0(Native Method) ~[?:?]
	at java.net.SocketInputStream.socketRead(SocketInputStream.java:115) ~[?:?]
	at java.net.SocketInputStream.read(SocketInputStream.java:168) ~[?:?]
	at java.net.SocketInputStream.read(SocketInputStream.java:140) ~[?:?]
	at java.net.SocketInputStream.read(SocketInputStream.java:126) ~[?:?]
	at redis.clients.jedis.util.RedisInputStream.ensureFill(RedisInputStream.java:199) ~[jedis-3.3.0.jar:?]
	at redis.clients.jedis.util.RedisInputStream.readByte(RedisInputStream.java:43) ~[jedis-3.3.0.jar:?]
	at redis.clients.jedis.Protocol.process(Protocol.java:155) ~[jedis-3.3.0.jar:?]
	at redis.clients.jedis.Protocol.read(Protocol.java:220) ~[jedis-3.3.0.jar:?]
	at redis.clients.jedis.Connection.readProtocolWithCheckingBroken(Connection.java:278) ~[jedis-3.3.0.jar:?]
	at redis.clients.jedis.Connection.getStatusCodeReply(Connection.java:196) ~[jedis-3.3.0.jar:?]
	at redis.clients.jedis.BinaryJedis.auth(BinaryJedis.java:2269) ~[jedis-3.3.0.jar:?]
	at redis.clients.jedis.JedisFactory.makeObject(JedisFactory.java:134) ~[jedis-3.3.0.jar:?]
	at org.apache.commons.pool2.impl.GenericObjectPool.create(GenericObjectPool.java:889) ~[commons-pool2-2.6.2.jar:2.6.2]
	at org.apache.commons.pool2.impl.GenericObjectPool.borrowObject(GenericObjectPool.java:424) ~[commons-pool2-2.6.2.jar:2.6.2]
	at org.apache.commons.pool2.impl.GenericObjectPool.borrowObject(GenericObjectPool.java:349) ~[commons-pool2-2.6.2.jar:2.6.2]
	at redis.clients.jedis.util.Pool.getResource(Pool.java:50) ~[jedis-3.3.0.jar:?]
	... 35 more
[ERROR] 2021-08-26 15:28:43.023 [df55bf6a-1c01-4c61-9f64-3f41e66b794c] JedisPoolUtils - Error to get resource from the pool
redis.clients.jedis.exceptions.JedisConnectionException: Could not get a resource from the pool
	at redis.clients.jedis.util.Pool.getResource(Pool.java:59) ~[jedis-3.3.0.jar:?]
	at redis.clients.jedis.JedisPool.getResource(JedisPool.java:288) ~[jedis-3.3.0.jar:?]
	at vn.vnpay.utils.JedisPoolUtils.existKey(JedisPoolUtils.java:63) [classes/:?]
	at vn.vnpay.common.CheckRedis.checkExist(CheckRedis.java:10) [classes/:?]
	at vn.vnpay.validate.MerchantValidator.validate(MerchantValidator.java:55) [classes/:?]
	at vn.vnpay.service.impl.MerchantServiceImpl.getData(MerchantServiceImpl.java:27) [classes/:?]
	at vn.vnpay.service.MerchantServiceImplTest.getDataTest(MerchantServiceImplTest.java:36) [test-classes/:?]
	at jdk.internal.reflect.NativeMethodAccessorImpl.invoke0(Native Method) ~[?:?]
	at jdk.internal.reflect.NativeMethodAccessorImpl.invoke(NativeMethodAccessorImpl.java:62) ~[?:?]
	at jdk.internal.reflect.DelegatingMethodAccessorImpl.invoke(DelegatingMethodAccessorImpl.java:43) ~[?:?]
	at java.lang.reflect.Method.invoke(Method.java:566) ~[?:?]
	at org.junit.runners.model.FrameworkMethod$1.runReflectiveCall(FrameworkMethod.java:50) [junit-4.12.jar:4.12]
	at org.junit.internal.runners.model.ReflectiveCallable.run(ReflectiveCallable.java:12) [junit-4.12.jar:4.12]
	at org.junit.runners.model.FrameworkMethod.invokeExplosively(FrameworkMethod.java:47) [junit-4.12.jar:4.12]
	at org.junit.internal.runners.statements.InvokeMethod.evaluate(InvokeMethod.java:17) [junit-4.12.jar:4.12]
	at org.junit.runners.ParentRunner.runLeaf(ParentRunner.java:325) [junit-4.12.jar:4.12]
	at org.junit.runners.BlockJUnit4ClassRunner.runChild(BlockJUnit4ClassRunner.java:78) [junit-4.12.jar:4.12]
	at org.junit.runners.BlockJUnit4ClassRunner.runChild(BlockJUnit4ClassRunner.java:57) [junit-4.12.jar:4.12]
	at org.junit.runners.ParentRunner$3.run(ParentRunner.java:290) [junit-4.12.jar:4.12]
	at org.junit.runners.ParentRunner$1.schedule(ParentRunner.java:71) [junit-4.12.jar:4.12]
	at org.junit.runners.ParentRunner.runChildren(ParentRunner.java:288) [junit-4.12.jar:4.12]
	at org.junit.runners.ParentRunner.access$000(ParentRunner.java:58) [junit-4.12.jar:4.12]
	at org.junit.runners.ParentRunner$2.evaluate(ParentRunner.java:268) [junit-4.12.jar:4.12]
	at org.junit.runners.ParentRunner.run(ParentRunner.java:363) [junit-4.12.jar:4.12]
	at org.apache.maven.surefire.junit4.JUnit4Provider.execute(JUnit4Provider.java:252) [surefire-junit4-2.12.4.jar:2.12.4]
	at org.apache.maven.surefire.junit4.JUnit4Provider.executeTestSet(JUnit4Provider.java:141) [surefire-junit4-2.12.4.jar:2.12.4]
	at org.apache.maven.surefire.junit4.JUnit4Provider.invoke(JUnit4Provider.java:112) [surefire-junit4-2.12.4.jar:2.12.4]
	at jdk.internal.reflect.NativeMethodAccessorImpl.invoke0(Native Method) ~[?:?]
	at jdk.internal.reflect.NativeMethodAccessorImpl.invoke(NativeMethodAccessorImpl.java:62) ~[?:?]
	at jdk.internal.reflect.DelegatingMethodAccessorImpl.invoke(DelegatingMethodAccessorImpl.java:43) ~[?:?]
	at java.lang.reflect.Method.invoke(Method.java:566) ~[?:?]
	at org.apache.maven.surefire.util.ReflectionUtils.invokeMethodWithArray(ReflectionUtils.java:189) [surefire-api-2.12.4.jar:2.12.4]
	at org.apache.maven.surefire.booter.ProviderFactory$ProviderProxy.invoke(ProviderFactory.java:165) [surefire-booter-2.12.4.jar:2.12.4]
	at org.apache.maven.surefire.booter.ProviderFactory.invokeProvider(ProviderFactory.java:85) [surefire-booter-2.12.4.jar:2.12.4]
	at org.apache.maven.surefire.booter.ForkedBooter.runSuitesInProcess(ForkedBooter.java:115) [surefire-booter-2.12.4.jar:2.12.4]
	at org.apache.maven.surefire.booter.ForkedBooter.main(ForkedBooter.java:75) [surefire-booter-2.12.4.jar:2.12.4]
Caused by: redis.clients.jedis.exceptions.JedisConnectionException: java.net.SocketTimeoutException: Read timed out
	at redis.clients.jedis.util.RedisInputStream.ensureFill(RedisInputStream.java:205) ~[jedis-3.3.0.jar:?]
	at redis.clients.jedis.util.RedisInputStream.readByte(RedisInputStream.java:43) ~[jedis-3.3.0.jar:?]
	at redis.clients.jedis.Protocol.process(Protocol.java:155) ~[jedis-3.3.0.jar:?]
	at redis.clients.jedis.Protocol.read(Protocol.java:220) ~[jedis-3.3.0.jar:?]
	at redis.clients.jedis.Connection.readProtocolWithCheckingBroken(Connection.java:278) ~[jedis-3.3.0.jar:?]
	at redis.clients.jedis.Connection.getStatusCodeReply(Connection.java:196) ~[jedis-3.3.0.jar:?]
	at redis.clients.jedis.BinaryJedis.auth(BinaryJedis.java:2269) ~[jedis-3.3.0.jar:?]
	at redis.clients.jedis.JedisFactory.makeObject(JedisFactory.java:134) ~[jedis-3.3.0.jar:?]
	at org.apache.commons.pool2.impl.GenericObjectPool.create(GenericObjectPool.java:889) ~[commons-pool2-2.6.2.jar:2.6.2]
	at org.apache.commons.pool2.impl.GenericObjectPool.borrowObject(GenericObjectPool.java:424) ~[commons-pool2-2.6.2.jar:2.6.2]
	at org.apache.commons.pool2.impl.GenericObjectPool.borrowObject(GenericObjectPool.java:349) ~[commons-pool2-2.6.2.jar:2.6.2]
	at redis.clients.jedis.util.Pool.getResource(Pool.java:50) ~[jedis-3.3.0.jar:?]
	... 35 more
Caused by: java.net.SocketTimeoutException: Read timed out
	at java.net.SocketInputStream.socketRead0(Native Method) ~[?:?]
	at java.net.SocketInputStream.socketRead(SocketInputStream.java:115) ~[?:?]
	at java.net.SocketInputStream.read(SocketInputStream.java:168) ~[?:?]
	at java.net.SocketInputStream.read(SocketInputStream.java:140) ~[?:?]
	at java.net.SocketInputStream.read(SocketInputStream.java:126) ~[?:?]
	at redis.clients.jedis.util.RedisInputStream.ensureFill(RedisInputStream.java:199) ~[jedis-3.3.0.jar:?]
	at redis.clients.jedis.util.RedisInputStream.readByte(RedisInputStream.java:43) ~[jedis-3.3.0.jar:?]
	at redis.clients.jedis.Protocol.process(Protocol.java:155) ~[jedis-3.3.0.jar:?]
	at redis.clients.jedis.Protocol.read(Protocol.java:220) ~[jedis-3.3.0.jar:?]
	at redis.clients.jedis.Connection.readProtocolWithCheckingBroken(Connection.java:278) ~[jedis-3.3.0.jar:?]
	at redis.clients.jedis.Connection.getStatusCodeReply(Connection.java:196) ~[jedis-3.3.0.jar:?]
	at redis.clients.jedis.BinaryJedis.auth(BinaryJedis.java:2269) ~[jedis-3.3.0.jar:?]
	at redis.clients.jedis.JedisFactory.makeObject(JedisFactory.java:134) ~[jedis-3.3.0.jar:?]
	at org.apache.commons.pool2.impl.GenericObjectPool.create(GenericObjectPool.java:889) ~[commons-pool2-2.6.2.jar:2.6.2]
	at org.apache.commons.pool2.impl.GenericObjectPool.borrowObject(GenericObjectPool.java:424) ~[commons-pool2-2.6.2.jar:2.6.2]
	at org.apache.commons.pool2.impl.GenericObjectPool.borrowObject(GenericObjectPool.java:349) ~[commons-pool2-2.6.2.jar:2.6.2]
	at redis.clients.jedis.util.Pool.getResource(Pool.java:50) ~[jedis-3.3.0.jar:?]
	... 35 more
