2021-08-24 10:13:03,458 - [ WARN] - JettyServer                     - Shutting down the application...
2021-08-24 10:13:03,473 - [ WARN] - JettyServer                     - Shutting down pool....
2021-08-24 10:13:03,589 - [ WARN] - JedisPoolUtils                  - Closing pool...
2021-08-24 10:32:41,170 - [ WARN] - JettyServer                     - Shutting down the application...
2021-08-24 10:32:41,239 - [ WARN] - JettyServer                     - Shutting down pool....
2021-08-24 10:32:41,239 - [ WARN] - JedisPoolUtils                  - Closing pool...
2021-08-24 10:33:30,546 - [ WARN] - JettyServer                     - Shutting down the application...
2021-08-24 10:33:30,562 - [ WARN] - JettyServer                     - Shutting down pool....
2021-08-24 10:33:30,562 - [ WARN] - JedisPoolUtils                  - Closing pool...
2021-08-24 10:35:29,655 - [ WARN] - JettyServer                     - Shutting down the application...
2021-08-24 10:35:29,671 - [ WARN] - JettyServer                     - Shutting down pool....
2021-08-24 10:35:29,671 - [ WARN] - JedisPoolUtils                  - Closing pool...
2021-08-24 10:36:29,935 - [ WARN] - JettyServer                     - Shutting down the application...
2021-08-24 10:36:29,942 - [ WARN] - JettyServer                     - Shutting down pool....
2021-08-24 10:36:29,942 - [ WARN] - JedisPoolUtils                  - Closing pool...
2021-08-24 10:40:37,854 - [ WARN] - JettyServer                     - Shutting down the application...
2021-08-24 10:40:37,869 - [ WARN] - JettyServer                     - Shutting down pool....
2021-08-24 10:40:37,885 - [ WARN] - JedisPoolUtils                  - Closing pool...
2021-08-24 10:41:09,693 - [ WARN] - JettyServer                     - Shutting down the application...
2021-08-24 10:41:09,709 - [ WARN] - JettyServer                     - Shutting down pool....
2021-08-24 10:41:09,709 - [ WARN] - JedisPoolUtils                  - Closed pool...
2021-08-24 10:45:44,233 - [ WARN] - JettyServer                     - Shutting down the application...
2021-08-24 10:45:44,248 - [ WARN] - JettyServer                     - Shutting down pool....
2021-08-24 10:45:44,248 - [ WARN] - JedisPoolUtils                  - Closed pool...
2021-08-24 10:48:43,987 - [ WARN] - JettyServer                     - Shutting down the application...
2021-08-24 10:48:44,088 - [ WARN] - JettyServer                     - Shutting down pool....
2021-08-24 10:48:44,157 - [ WARN] - JedisPoolUtils                  - Closed pool...
2021-08-24 10:50:05,558 - [ WARN] - JettyServer                     - Shutting down the application...
2021-08-24 10:50:05,578 - [ WARN] - JettyServer                     - Shutting down pool....
2021-08-24 10:50:05,598 - [ WARN] - JedisPoolUtils                  - Closed pool...
2021-08-24 10:51:45,490 - [ WARN] - JettyServer                     - Shutting down the application...
2021-08-24 10:51:45,555 - [ WARN] - JettyServer                     - Shutting down pool....
2021-08-24 10:51:45,587 - [ WARN] - JedisPoolUtils                  - Closed pool...
2021-08-24 10:53:41,355 - [ WARN] - JettyServer                     - Shutting down the application...
2021-08-24 10:53:41,355 - [ WARN] - JettyServer                     - Shutting down pool....
2021-08-24 10:53:41,355 - [ WARN] - JedisPoolUtils                  - Closed pool...
2021-08-24 10:57:00,238 - [ WARN] - JettyServer                     - Shutting down the application...
2021-08-24 10:57:00,260 - [ WARN] - JettyServer                     - Shutting down pool....
2021-08-24 10:57:00,260 - [ WARN] - JedisPoolUtils                  - Closed pool...
2021-08-24 10:57:32,813 - [ WARN] - JettyServer                     - Shutting down the application...
2021-08-24 10:57:32,813 - [ WARN] - JettyServer                     - Shutting down pool....
2021-08-24 10:57:32,813 - [ WARN] - JedisPoolUtils                  - Closed pool...
2021-08-24 11:06:36,697 - [ WARN] - JettyServer                     - Shutting down the application...
2021-08-24 11:06:36,775 - [ WARN] - JettyServer                     - Shutting down pool....
2021-08-24 11:06:36,775 - [ WARN] - JedisPoolUtils                  - Closed pool...
2021-08-24 11:07:47,761 - [ WARN] - JettyServer                     - Shutting down the application...
2021-08-24 11:07:47,792 - [ WARN] - JettyServer                     - Shutting down pool....
2021-08-24 11:07:47,830 - [ WARN] - JedisPoolUtils                  - Closed pool...
2021-08-24 11:08:04,789 - [ WARN] - JettyServer                     - Shutting down the application...
2021-08-24 11:08:04,820 - [ WARN] - JettyServer                     - Shutting down pool....
2021-08-24 11:08:04,820 - [ WARN] - JedisPoolUtils                  - Closed pool...
2021-08-24 11:10:52,735 - [ WARN] - JettyServer                     - Shutting down the application...
2021-08-24 11:10:52,735 - [ WARN] - JettyServer                     - Shutting down pool....
2021-08-24 11:10:52,735 - [ WARN] - JedisPoolUtils                  - Closed pool...
2021-08-24 11:12:07,787 - [ WARN] - JettyServer                     - Shutting down the application...
2021-08-24 11:12:07,818 - [ WARN] - JettyServer                     - Shutting down pool....
2021-08-24 11:12:07,834 - [ WARN] - JedisPoolUtils                  - Closed pool...
2021-08-24 11:15:35,384 - [ WARN] - JettyServer                     - Shutting down the application...
2021-08-24 11:15:35,400 - [ WARN] - JettyServer                     - Shutting down pool....
2021-08-24 11:15:35,400 - [ WARN] - JedisPoolUtils                  - Closed pool...
2021-08-24 11:16:01,684 - [ WARN] - JettyServer                     - Shutting down the application...
2021-08-24 11:16:01,730 - [ WARN] - JettyServer                     - Shutting down pool....
2021-08-24 11:16:01,730 - [ WARN] - JedisPoolUtils                  - Closed pool...
2021-08-24 11:17:44,460 - [ WARN] - JettyServer                     - Shutting down the application...
2021-08-24 11:17:44,491 - [ WARN] - JettyServer                     - Shutting down pool....
2021-08-24 11:17:44,523 - [ WARN] - JedisPoolUtils                  - Closed pool...
2021-08-24 11:18:17,374 - [ WARN] - JettyServer                     - Shutting down the application...
2021-08-24 11:18:17,389 - [ WARN] - JettyServer                     - Shutting down pool....
2021-08-24 11:18:17,405 - [ WARN] - JedisPoolUtils                  - Closed pool...
2021-08-24 11:19:00,195 - [ WARN] - JettyServer                     - Shutting down the application...
2021-08-24 11:19:00,226 - [ WARN] - JettyServer                     - Shutting down pool....
2021-08-24 11:19:00,226 - [ WARN] - JedisPoolUtils                  - Closed pool...
2021-08-24 11:21:45,187 - [ WARN] - JettyServer                     - Shutting down the application...
2021-08-24 11:21:45,209 - [ WARN] - JettyServer                     - Shutting down pool....
2021-08-24 11:21:45,209 - [ WARN] - JedisPoolUtils                  - Closed pool...
2021-08-24 11:27:10,678 - [ WARN] - JettyServer                     - Shutting down the application...
2021-08-24 11:27:10,789 - [ WARN] - JettyServer                     - Shutting down pool....
2021-08-24 11:27:10,791 - [ WARN] - JedisPoolUtils                  - Closed pool...
2021-08-24 11:30:46,947 - [ WARN] - JettyServer                     - Shutting down the application...
2021-08-24 11:30:47,000 - [ WARN] - JettyServer                     - Shutting down pool....
2021-08-24 11:30:47,000 - [ WARN] - JedisPoolUtils                  - Closed pool...
2021-08-24 11:35:01,446 - [ WARN] - JettyServer                     - Shutting down the application...
2021-08-24 11:35:01,477 - [ WARN] - JettyServer                     - Shutting down pool....
2021-08-24 11:35:01,477 - [ WARN] - JedisPoolUtils                  - Closed pool...
2021-08-24 11:36:34,969 - [ WARN] - JettyServer                     - Shutting down the application...
2021-08-24 11:36:34,977 - [ WARN] - JettyServer                     - Shutting down pool....
2021-08-24 11:36:34,980 - [ WARN] - JedisPoolUtils                  - Closed pool...
2021-08-24 11:46:08,739 - [ WARN] - MerchantValidator               - Check validate success !!!
2021-08-24 11:49:33,476 - [ WARN] - JettyServer                     - Shutting down the application...
2021-08-24 11:49:33,508 - [ WARN] - JettyServer                     - Shutting down pool....
2021-08-24 11:49:33,508 - [ WARN] - JedisPoolUtils                  - Closed pool...
2021-08-24 11:51:47,027 - [ WARN] - JettyServer                     - Shutting down the application...
2021-08-24 11:51:47,065 - [ WARN] - JettyServer                     - Shutting down pool....
2021-08-24 11:51:47,080 - [ WARN] - JedisPoolUtils                  - Closed pool...
2021-08-24 13:28:07,413 - [ WARN] - JettyServer                     - Shutting down the application...
2021-08-24 13:28:07,544 - [ WARN] - JettyServer                     - Shutting down pool....
2021-08-24 13:28:07,629 - [ WARN] - JedisPoolUtils                  - Closed pool...
2021-08-24 14:36:21,604 - [ WARN] - JettyServer                     - Shutting down the application...
2021-08-24 14:36:21,887 - [ WARN] - JettyServer                     - Shutting down pool....
2021-08-24 14:36:21,887 - [ WARN] - JedisPoolUtils                  - Closed pool...
2021-08-24 15:37:25,192 - [ WARN] - JettyServer                     - Shutting down the application...
2021-08-24 15:37:25,307 - [ WARN] - JettyServer                     - Shutting down pool....
2021-08-24 15:37:25,307 - [ WARN] - JedisPoolUtils                  - Closed pool...
2021-08-24 15:49:52,391             lambda$main$0:29   - [] - Shutting down the application... - v.v.JettyServer        
2021-08-24 15:49:52,453             lambda$main$0:32   - [] - Shutting down pool.... - v.v.JettyServer        
2021-08-24 15:49:52,453                 closePool:75   - [] - Closed pool... - v.v.u.JedisPoolUtils   
[WARN ] 2021-08-24 16:22:06.836 [Thread-1] [] JettyServer - Shutting down the application...
[WARN ] 2021-08-24 16:22:06.959 [Thread-1] [] JettyServer - Shutting down pool....
[WARN ] 2021-08-24 16:22:06.959 [Thread-1] [] JedisPoolUtils - Closed pool...
[WARN ] 2021-08-24 16:25:22.395 [Thread-1] [] JettyServer - Shutting down the application...
[WARN ] 2021-08-24 16:25:22.511 [Thread-1] [] JettyServer - Shutting down pool....
[WARN ] 2021-08-24 16:25:22.511 [Thread-1] [] JedisPoolUtils - Closed pool...
[WARN ] 2021-08-24 16:26:37.031 [Thread-1] [] JettyServer - Shutting down the application...
[WARN ] 2021-08-24 16:26:37.046 [Thread-1] [] JettyServer - Shutting down pool....
[WARN ] 2021-08-24 16:26:37.046 [Thread-1] [] JedisPoolUtils - Closed pool...
[WARN ] 2021-08-24 17:17:31.474 [Thread-1] [] JettyServer - Shutting down the application...
[WARN ] 2021-08-24 17:17:32.846 [Thread-1] [] JettyServer - Shutting down pool....
[WARN ] 2021-08-24 17:17:32.900 [Thread-1] [] JedisPoolUtils - Closed pool...
[WARN ] 2021-08-24 23:05:15.915 [Thread-1] [] JettyServer - Shutting down the application...
[WARN ] 2021-08-24 23:05:16.480 [Thread-1] [] JettyServer - Shutting down pool....
[WARN ] 2021-08-24 23:05:16.495 [Thread-1] [] JedisPoolUtils - Closed pool...
[WARN ] 2021-08-25 11:00:52.312 [Thread-1] [] JettyServer - Shutting down the application...
[WARN ] 2021-08-25 11:00:52.365 [Thread-1] [] JettyServer - Shutting down pool....
[WARN ] 2021-08-25 11:00:52.365 [Thread-1] [] JedisPoolUtils - Closed pool...
[WARN ] 2021-08-25 11:04:40.046 [Thread-1] [] JettyServer - Shutting down the application...
[WARN ] 2021-08-25 11:04:40.184 [Thread-1] [] JettyServer - Shutting down pool....
[WARN ] 2021-08-25 11:04:40.184 [Thread-1] [] JedisPoolUtils - Closed pool...
[WARN ] 2021-08-25 11:07:24.384 [Thread-1] [] JettyServer - Shutting down the application...
[WARN ] 2021-08-25 11:07:24.430 [Thread-1] [] JettyServer - Shutting down pool....
[WARN ] 2021-08-25 11:07:24.430 [Thread-1] [] JedisPoolUtils - Closed pool...
[WARN ] 2021-08-25 11:11:11.175 [Thread-1] [] JettyServer - Shutting down the application...
[WARN ] 2021-08-25 11:11:11.213 [Thread-1] [] JettyServer - Shutting down pool....
[WARN ] 2021-08-25 11:11:11.213 [Thread-1] [] JedisPoolUtils - Closed pool...
[WARN ] 2021-08-25 11:12:41.660 [Thread-1] [] JettyServer - Shutting down the application...
[WARN ] 2021-08-25 11:12:41.745 [Thread-1] [] JettyServer - Shutting down pool....
[WARN ] 2021-08-25 11:12:41.745 [Thread-1] [] JedisPoolUtils - Closed pool...
[WARN ] 2021-08-25 11:14:43.355 [Thread-2] [] JettyServer - Shutting down the application...
[WARN ] 2021-08-25 11:14:43.368 [Thread-2] [] JettyServer - Shutting down pool....
[WARN ] 2021-08-25 11:14:43.369 [Thread-2] [] JedisPoolUtils - Closed pool...
[WARN ] 2021-08-25 11:16:53.230 [Thread-1] [] JettyServer - Shutting down the application...
[WARN ] 2021-08-25 11:16:53.246 [Thread-1] [] JettyServer - Shutting down pool....
[WARN ] 2021-08-25 11:16:53.246 [Thread-1] [] JedisPoolUtils - Closed pool...
[WARN ] 2021-08-25 11:17:48.633 [Thread-1] [] JettyServer - Shutting down the application...
[WARN ] 2021-08-25 11:17:48.649 [Thread-1] [] JettyServer - Shutting down pool....
[WARN ] 2021-08-25 11:17:48.649 [Thread-1] [] JedisPoolUtils - Closed pool...
[WARN ] 2021-08-25 13:05:02.149 [Thread-1] [] JettyServer - Shutting down the application...
[WARN ] 2021-08-25 13:05:02.713 [Thread-1] [] JettyServer - Shutting down pool....
[WARN ] 2021-08-25 13:05:02.728 [Thread-1] [] JedisPoolUtils - Closed pool...
[WARN ] 2021-08-25 13:07:10.295 [Thread-1] [] JettyServer - Shutting down the application...
[WARN ] 2021-08-25 13:07:10.389 [Thread-1] [] JettyServer - Shutting down pool....
[WARN ] 2021-08-25 13:07:10.389 [Thread-1] [] JedisPoolUtils - Closed pool...
[WARN ] 2021-08-25 13:15:56.501 [Thread-1] [] JettyServer - Shutting down the application...
[WARN ] 2021-08-25 13:15:56.585 [Thread-1] [] JettyServer - Shutting down pool....
[WARN ] 2021-08-25 13:15:56.585 [Thread-1] [] JedisPoolUtils - Closed pool...
[WARN ] 2021-08-25 13:27:23.400 [Thread-1] [] JettyServer - Shutting down the application...
[WARN ] 2021-08-25 13:27:23.469 [Thread-1] [] JettyServer - Shutting down pool....
[WARN ] 2021-08-25 13:27:23.469 [Thread-1] [] JedisPoolUtils - Closed pool...
[WARN ] 2021-08-25 13:38:36.159 [Thread-1] [] JettyServer - Shutting down the application...
[WARN ] 2021-08-25 13:38:36.222 [Thread-1] [] JettyServer - Shutting down pool....
[WARN ] 2021-08-25 13:38:36.222 [Thread-1] [] JedisPoolUtils - Closed pool...
[WARN ] 2021-08-25 13:40:21.384 [Thread-1] [] JettyServer - Shutting down the application...
[WARN ] 2021-08-25 13:40:21.422 [Thread-1] [] JettyServer - Shutting down pool....
[WARN ] 2021-08-25 13:40:21.438 [Thread-1] [] JedisPoolUtils - Closed pool...
[WARN ] 2021-08-25 13:45:37.534 [Thread-1] [] JettyServer - Shutting down the application...
[WARN ] 2021-08-25 13:45:37.550 [Thread-1] [] JettyServer - Shutting down pool....
[WARN ] 2021-08-25 13:45:37.550 [Thread-1] [] JedisPoolUtils - Closed pool...
[WARN ] 2021-08-25 13:51:21.975 [Thread-1] [] JettyServer - Shutting down the application...
[WARN ] 2021-08-25 13:51:22.053 [Thread-1] [] JettyServer - Shutting down pool....
[WARN ] 2021-08-25 13:51:22.091 [Thread-1] [] JedisPoolUtils - Closed pool...
[WARN ] 2021-08-25 13:54:02.809 [Thread-1] [] JettyServer - Shutting down the application...
[WARN ] 2021-08-25 13:54:02.925 [Thread-1] [] JettyServer - Shutting down pool....
[WARN ] 2021-08-25 13:54:02.925 [Thread-1] [] JedisPoolUtils - Closed pool...
[WARN ] 2021-08-25 14:00:46.439 [Thread-1] [] JettyServer - Shutting down the application...
[WARN ] 2021-08-25 14:00:46.555 [Thread-1] [] JettyServer - Shutting down pool....
[WARN ] 2021-08-25 14:00:46.555 [Thread-1] [] JedisPoolUtils - Closed pool...
[WARN ] 2021-08-25 14:09:01.385 [Thread-1] [] JettyServer - Shutting down the application...
[WARN ] 2021-08-25 14:09:01.454 [Thread-1] [] JettyServer - Shutting down pool....
[WARN ] 2021-08-25 14:09:01.470 [Thread-1] [] JedisPoolUtils - Closed pool...
[WARN ] 2021-08-25 14:17:01.501 [Thread-1] [] JettyServer - Shutting down the application...
[WARN ] 2021-08-25 14:17:01.545 [Thread-1] [] JettyServer - Shutting down pool....
[WARN ] 2021-08-25 14:17:01.548 [Thread-1] [] JedisPoolUtils - Closed pool...
[WARN ] 2021-08-25 15:40:31.630 [Thread-1] [] JettyServer - Shutting down the application...
[WARN ] 2021-08-25 15:40:31.645 [Thread-1] [] JettyServer - Shutting down pool....
[WARN ] 2021-08-25 15:40:31.645 [Thread-1] [] JedisPoolUtils - Closed pool...
[WARN ] 2021-08-25 15:44:21.497 [Thread-1] [] JettyServer - Shutting down the application...
[WARN ] 2021-08-25 15:44:21.628 [Thread-1] [] JettyServer - Shutting down pool....
[WARN ] 2021-08-25 15:44:21.628 [Thread-1] [] JedisPoolUtils - Closed pool...
[WARN ] 2021-08-25 15:47:10.387 [Thread-1] [] JettyServer - Shutting down the application...
[WARN ] 2021-08-25 15:47:10.403 [Thread-1] [] JettyServer - Shutting down pool....
[WARN ] 2021-08-25 15:47:10.403 [Thread-1] [] JedisPoolUtils - Closed pool...
[WARN ] 2021-08-25 16:10:51.830 [] JettyServer - Shutting down the application...
[WARN ] 2021-08-25 16:10:51.984 [] JettyServer - Shutting down pool....
[WARN ] 2021-08-25 16:10:51.984 [] JedisPoolUtils - Closed pool...
[WARN ] 2021-08-25 16:13:21.153 [] JettyServer - Shutting down the application...
[WARN ] 2021-08-25 16:13:21.165 [] JettyServer - Shutting down pool....
[WARN ] 2021-08-25 16:13:21.177 [] JedisPoolUtils - Closed pool...
[WARN ] 2021-08-25 16:15:26.049 [] JettyServer - Shutting down the application...
[WARN ] 2021-08-25 16:15:26.071 [] JettyServer - Shutting down pool....
[WARN ] 2021-08-25 16:15:26.071 [] JedisPoolUtils - Closed pool...
[WARN ] 2021-08-25 16:24:11.162 [] JettyServer - Shutting down the application...
[WARN ] 2021-08-25 16:24:11.646 [] JettyServer - Shutting down pool....
[WARN ] 2021-08-25 16:24:11.648 [] JedisPoolUtils - Closed pool...
[WARN ] 2021-08-26 10:34:39.465 [] JettyServer - Shutting down the application...
[WARN ] 2021-08-26 10:34:39.919 [] JettyServer - Shutting down pool....
[WARN ] 2021-08-26 14:57:37.266 [] JettyServer - Shutting down the application...
[WARN ] 2021-08-26 14:57:44.638 [] JettyServer - Shutting down pool....
[WARN ] 2021-08-26 16:16:13.377 [] JettyServer - Shutting down the application...
[WARN ] 2021-08-26 16:16:13.531 [] JettyServer - Shutting down pool....
[WARN ] 2021-08-26 16:16:13.531 [] JedisPoolUtils - Closed pool...
